<?xml version="1.0" encoding="UTF-8"?>
<testng-results ignored="0" total="2" passed="1" failed="1" skipped="0">
  <reporter-output>
  </reporter-output>
  <suite started-at="2019-12-01T09:56:39 IST" name="My Sample Suite" finished-at="2019-12-01T09:57:48 IST" duration-ms="69593">
    <groups>
    </groups>
    <test started-at="2019-12-01T09:56:39 IST" name="Create Portfolio Test" finished-at="2019-12-01T09:57:37 IST" duration-ms="57746">
      <class name="com.qtpselenium.rediff.testcases.CreatePortfolioTest">
        <test-method is-config="true" signature="init()[pri:0, instance:com.qtpselenium.rediff.testcases.CreatePortfolioTest@4c5ae43b]" started-at="2019-12-01T09:56:39 IST" name="init" finished-at="2019-12-01T09:56:39 IST" duration-ms="337" status="PASS">
          <reporter-output>
          </reporter-output>
        </test-method> <!-- init -->
        <test-method signature="doLogin(java.util.Hashtable)[pri:0, instance:com.qtpselenium.rediff.testcases.CreatePortfolioTest@4c5ae43b]" started-at="2019-12-01T09:56:39 IST" name="doLogin" data-provider="getData" finished-at="2019-12-01T09:57:35 IST" duration-ms="55947" status="PASS">
          <params>
            <param index="0">
              <value>
                <![CDATA[{PortFolioName=Z100, Runmode=Y, Browser=Chrome}]]>
              </value>
            </param>
          </params>
          <reporter-output>
          </reporter-output>
        </test-method> <!-- doLogin -->
        <test-method is-config="true" signature="quit()[pri:0, instance:com.qtpselenium.rediff.testcases.CreatePortfolioTest@4c5ae43b]" started-at="2019-12-01T09:57:35 IST" name="quit" finished-at="2019-12-01T09:57:37 IST" duration-ms="1333" status="PASS">
          <reporter-output>
          </reporter-output>
        </test-method> <!-- quit -->
      </class> <!-- com.qtpselenium.rediff.testcases.CreatePortfolioTest -->
    </test> <!-- Create Portfolio Test -->
    <test started-at="2019-12-01T09:56:39 IST" name="Delete Portfolio Test" finished-at="2019-12-01T09:57:48 IST" duration-ms="69593">
      <class name="com.qtpselenium.rediff.testcases.DeletePortfolioTest">
        <test-method is-config="true" signature="init()[pri:0, instance:com.qtpselenium.rediff.testcases.DeletePortfolioTest@5e17553a]" started-at="2019-12-01T09:56:39 IST" name="init" finished-at="2019-12-01T09:56:39 IST" duration-ms="335" status="PASS">
          <reporter-output>
          </reporter-output>
        </test-method> <!-- init -->
        <test-method signature="deletePortFolio(java.util.Hashtable)[pri:0, instance:com.qtpselenium.rediff.testcases.DeletePortfolioTest@5e17553a]" started-at="2019-12-01T09:56:39 IST" name="deletePortFolio" data-provider="getData" finished-at="2019-12-01T09:57:48 IST" duration-ms="68337" status="FAIL">
          <params>
            <param index="0">
              <value>
                <![CDATA[{PortFolioName=Z100, Runmode=Y, Browser=Chrome}]]>
              </value>
            </param>
          </params>
          <exception class="org.openqa.selenium.NoSuchElementException">
            <message>
              <![CDATA[Cannot locate element with text: Z100
For documentation on this error, please visit: https://www.seleniumhq.org/exceptions/no_such_element.html
Build info: version: '3.141.59', revision: 'e82be7d358', time: '2018-11-14T08:17:03'
System info: host: 'DESKTOP-RTOOT5Q', ip: '192.168.1.18', os.name: 'Windows 10', os.arch: 'amd64', os.version: '10.0', java.version: '13.0.1'
Driver info: driver.version: unknown]]>
            </message>
            <full-stacktrace>
              <![CDATA[org.openqa.selenium.NoSuchElementException: Cannot locate element with text: Z100
For documentation on this error, please visit: https://www.seleniumhq.org/exceptions/no_such_element.html
Build info: version: '3.141.59', revision: 'e82be7d358', time: '2018-11-14T08:17:03'
System info: host: 'DESKTOP-RTOOT5Q', ip: '192.168.1.18', os.name: 'Windows 10', os.arch: 'amd64', os.version: '10.0', java.version: '13.0.1'
Driver info: driver.version: unknown
at org.openqa.selenium.support.ui.Select.selectByVisibleText(Select.java:147)
at com.qtpselenium.rediff.keywords.AppKeywords.deletePortFolio(AppKeywords.java:50)
at com.qtpselenium.rediff.driver.DriverScript.executeTest(DriverScript.java:56)
at com.qtpselenium.rediff.testcases.DeletePortfolioTest.deletePortFolio(DeletePortfolioTest.java:35)
at java.base/jdk.internal.reflect.NativeMethodAccessorImpl.invoke0(Native Method)
at java.base/jdk.internal.reflect.NativeMethodAccessorImpl.invoke(NativeMethodAccessorImpl.java:62)
at java.base/jdk.internal.reflect.DelegatingMethodAccessorImpl.invoke(DelegatingMethodAccessorImpl.java:43)
at java.base/java.lang.reflect.Method.invoke(Method.java:567)
at org.testng.internal.MethodInvocationHelper.invokeMethod(MethodInvocationHelper.java:133)
at org.testng.internal.TestInvoker.invokeMethod(TestInvoker.java:584)
at org.testng.internal.TestInvoker.invokeTestMethod(TestInvoker.java:172)
at org.testng.internal.MethodRunner.runInSequence(MethodRunner.java:46)
at org.testng.internal.TestInvoker$MethodInvocationAgent.invoke(TestInvoker.java:804)
at org.testng.internal.TestInvoker.invokeTestMethods(TestInvoker.java:145)
at org.testng.internal.TestMethodWorker.invokeTestMethods(TestMethodWorker.java:146)
at org.testng.internal.TestMethodWorker.run(TestMethodWorker.java:128)
at java.base/java.util.ArrayList.forEach(ArrayList.java:1507)
at org.testng.TestRunner.privateRun(TestRunner.java:770)
at org.testng.TestRunner.run(TestRunner.java:591)
at org.testng.SuiteRunner.runTest(SuiteRunner.java:402)
at org.testng.SuiteRunner.access$000(SuiteRunner.java:41)
at org.testng.SuiteRunner$SuiteWorker.run(SuiteRunner.java:443)
at org.testng.internal.thread.ThreadUtil.lambda$execute$0(ThreadUtil.java:67)
at java.base/java.util.concurrent.FutureTask.run(FutureTask.java:264)
at java.base/java.util.concurrent.ThreadPoolExecutor.runWorker(ThreadPoolExecutor.java:1128)
at java.base/java.util.concurrent.ThreadPoolExecutor$Worker.run(ThreadPoolExecutor.java:628)
at java.base/java.lang.Thread.run(Thread.java:830)
]]>
            </full-stacktrace>
          </exception> <!-- org.openqa.selenium.NoSuchElementException -->
          <reporter-output>
          </reporter-output>
        </test-method> <!-- deletePortFolio -->
        <test-method is-config="true" signature="quit()[pri:0, instance:com.qtpselenium.rediff.testcases.DeletePortfolioTest@5e17553a]" started-at="2019-12-01T09:57:48 IST" name="quit" finished-at="2019-12-01T09:57:48 IST" duration-ms="787" status="PASS">
          <reporter-output>
          </reporter-output>
        </test-method> <!-- quit -->
      </class> <!-- com.qtpselenium.rediff.testcases.DeletePortfolioTest -->
    </test> <!-- Delete Portfolio Test -->
  </suite> <!-- My Sample Suite -->
</testng-results>
