<?xml version="1.0" encoding="UTF-8"?>
<testsuite xmlns:xsi="http://www.w3.org/2001/XMLSchema-instance" xsi:noNamespaceSchemaLocation="https://maven.apache.org/surefire/maven-surefire-plugin/xsd/surefire-test-report.xsd" name="TestSuite" time="47.929" tests="6" errors="0" skipped="2" failures="3">
  <properties>
[...]
</properties>
  <testcase name="doLogin" classname="com.qtpselenium.rediff.testcases.LoginTest" time="0">
    <skipped message="Skipping the test as Runmode is N"/>
    <system-out><![CDATA[--------
--------
--------
--------
--------
]]></system-out>
  </testcase>
  <testcase name="doLogin" classname="com.qtpselenium.rediff.testcases.LoginTest" time="14.364"/>
  <testcase name="doLogin" classname="com.qtpselenium.rediff.testcases.LoginTest" time="0">
    <skipped message="Skipping the test as Runmode is N"/>
    <system-err><![CDATA[[1575260498.776][WARNING]: Timed out connecting to Chrome, retrying...
]]></system-err>
  </testcase>
  <testcase name="doLogin" classname="com.qtpselenium.rediff.testcases.CreatePortfolioTest" time="13.682">
    <failure message="session not created&#10;from chrome not reachable&#10;  (Session info: chrome=78.0.3904.108)&#10;Build info: version: &apos;3.141.59&apos;, revision: &apos;e82be7d358&apos;, time: &apos;2018-11-14T08:17:03&apos;&#10;System info: host: &apos;DESKTOP-RTOOT5Q&apos;, ip: &apos;192.168.100.118&apos;, os.name: &apos;Windows 10&apos;, os.arch: &apos;amd64&apos;, os.version: &apos;10.0&apos;, java.version: &apos;11.0.5&apos;&#10;Driver info: driver.version: ChromeDriver&#10;remote stacktrace: Backtrace:&#10;	Ordinal0 [0x0092A903+1550595]&#10;	Ordinal0 [0x008AA701+1025793]&#10;	Ordinal0 [0x0082C58E+509326]&#10;	Ordinal0 [0x008262C2+484034]&#10;	Ordinal0 [0x00826D8D+486797]&#10;	Ordinal0 [0x00827B05+490245]&#10;	Ordinal0 [0x00823A85+473733]&#10;	Ordinal0 [0x0082D330+512816]&#10;	Ordinal0 [0x007DB649+177737]&#10;	Ordinal0 [0x007DA8ED+174317]&#10;	Ordinal0 [0x007D8CDB+167131]&#10;	Ordinal0 [0x007C144A+70730]&#10;	Ordinal0 [0x007C24D0+74960]&#10;	Ordinal0 [0x007C2469+74857]&#10;	Ordinal0 [0x008C42C7+1131207]&#10;	GetHandleVerifier [0x009C70FD+523789]&#10;	GetHandleVerifier [0x009C6E90+523168]&#10;	GetHandleVerifier [0x009CE1E7+552695]&#10;	GetHandleVerifier [0x009C78FA+525834]&#10;	Ordinal0 [0x008BB7FC+1095676]&#10;	Ordinal0 [0x008C633B+1139515]&#10;	Ordinal0 [0x008C64A3+1139875]&#10;	Ordinal0 [0x008C5425+1135653]&#10;	BaseThreadInitThunk [0x75EF6359+25]&#10;	RtlGetAppContainerNamedObjectPath [0x77DD7B74+228]&#10;	RtlGetAppContainerNamedObjectPath [0x77DD7B44+180]&#10;" type="org.openqa.selenium.SessionNotCreatedException">org.openqa.selenium.SessionNotCreatedException: 
session not created
from chrome not reachable
  (Session info: chrome=78.0.3904.108)
Build info: version: '3.141.59', revision: 'e82be7d358', time: '2018-11-14T08:17:03'
System info: host: 'DESKTOP-RTOOT5Q', ip: '192.168.100.118', os.name: 'Windows 10', os.arch: 'amd64', os.version: '10.0', java.version: '11.0.5'
Driver info: driver.version: ChromeDriver
remote stacktrace: Backtrace:
	Ordinal0 [0x0092A903+1550595]
	Ordinal0 [0x008AA701+1025793]
	Ordinal0 [0x0082C58E+509326]
	Ordinal0 [0x008262C2+484034]
	Ordinal0 [0x00826D8D+486797]
	Ordinal0 [0x00827B05+490245]
	Ordinal0 [0x00823A85+473733]
	Ordinal0 [0x0082D330+512816]
	Ordinal0 [0x007DB649+177737]
	Ordinal0 [0x007DA8ED+174317]
	Ordinal0 [0x007D8CDB+167131]
	Ordinal0 [0x007C144A+70730]
	Ordinal0 [0x007C24D0+74960]
	Ordinal0 [0x007C2469+74857]
	Ordinal0 [0x008C42C7+1131207]
	GetHandleVerifier [0x009C70FD+523789]
	GetHandleVerifier [0x009C6E90+523168]
	GetHandleVerifier [0x009CE1E7+552695]
	GetHandleVerifier [0x009C78FA+525834]
	Ordinal0 [0x008BB7FC+1095676]
	Ordinal0 [0x008C633B+1139515]
	Ordinal0 [0x008C64A3+1139875]
	Ordinal0 [0x008C5425+1135653]
	BaseThreadInitThunk [0x75EF6359+25]
	RtlGetAppContainerNamedObjectPath [0x77DD7B74+228]
	RtlGetAppContainerNamedObjectPath [0x77DD7B44+180]

	at com.qtpselenium.rediff.testcases.CreatePortfolioTest.doLogin(CreatePortfolioTest.java:38)
</failure>
    <system-out><![CDATA[Total Rows 25
Total Rows 25
Total Rows 25
Inside constructor
Inside constructor
Inside constructor
DeletePortfolioTest -- openBrowser --  -- Chrome
CreatePortfolioTest -- openBrowser --  -- Chrome
LoginTest -- openBrowser --  -- Chrome
LoginTest -- navigate -- url -- null
DeletePortfolioTest -- navigate -- url -- null
LoginTest -- verifyTitle -- homePageTitle -- null
DeletePortfolioTest -- verifyTitle -- homePageTitle -- null
LoginTest -- type -- username_textfield_xpath -- ashishthakur1983
DeletePortfolioTest -- login --  -- null
LoginTest -- click -- username_submit_button_css -- null
LoginTest -- type -- password_textfield_id -- pass@1234
]]></system-out>
    <system-err><![CDATA[log4j:WARN No appenders could be found for logger (freemarker.cache).
log4j:WARN Please initialize the log4j system properly.
Starting ChromeDriver 78.0.3904.70 (edb9c9f3de0247fd912a77b7f6cae7447f6d3ad5-refs/branch-heads/3904@{#800}) on port 3377
Only local connections are allowed.
Please protect ports used by ChromeDriver and related test frameworks to prevent access by malicious code.
Starting ChromeDriver 78.0.3904.70 (edb9c9f3de0247fd912a77b7f6cae7447f6d3ad5-refs/branch-heads/3904@{#800}) on port 4694
Only local connections are allowed.
Please protect ports used by ChromeDriver and related test frameworks to prevent access by malicious code.
Starting ChromeDriver 78.0.3904.70 (edb9c9f3de0247fd912a77b7f6cae7447f6d3ad5-refs/branch-heads/3904@{#800}) on port 6837
Only local connections are allowed.
Please protect ports used by ChromeDriver and related test frameworks to prevent access by malicious code.
[1575260491.056][WARNING]: Timed out connecting to Chrome, retrying...
[1575260491.066][WARNING]: Timed out connecting to Chrome, retrying...
[1575260491.066][WARNING]: Timed out connecting to Chrome, retrying...
Dec 02, 2019 9:51:33 AM org.openqa.selenium.remote.ProtocolHandshake createSession
INFO: Detected dialect: W3C
Dec 02, 2019 9:51:33 AM org.openqa.selenium.remote.ProtocolHandshake createSession
INFO: Detected dialect: W3C
]]></system-err>
  </testcase>
  <testcase name="quit" classname="com.qtpselenium.rediff.testcases.CreatePortfolioTest" time="13.85">
    <failure type="java.lang.NullPointerException">java.lang.NullPointerException
</failure>
  </testcase>
  <testcase name="deletePortFolio" classname="com.qtpselenium.rediff.testcases.DeletePortfolioTest" time="25.766">
    <failure message="chrome not reachable&#10;  (Session info: chrome=78.0.3904.108)&#10;Build info: version: &apos;3.141.59&apos;, revision: &apos;e82be7d358&apos;, time: &apos;2018-11-14T08:17:03&apos;&#10;System info: host: &apos;DESKTOP-RTOOT5Q&apos;, ip: &apos;192.168.100.118&apos;, os.name: &apos;Windows 10&apos;, os.arch: &apos;amd64&apos;, os.version: &apos;10.0&apos;, java.version: &apos;11.0.5&apos;&#10;Driver info: org.openqa.selenium.chrome.ChromeDriver&#10;Capabilities {acceptInsecureCerts: false, browserName: chrome, browserVersion: 78.0.3904.108, chrome: {chromedriverVersion: 78.0.3904.70 (edb9c9f3de024..., userDataDir: C:\Users\info\AppData\Local...}, goog:chromeOptions: {debuggerAddress: localhost:50363}, javascriptEnabled: true, networkConnectionEnabled: false, pageLoadStrategy: normal, platform: XP, platformName: XP, proxy: Proxy(), setWindowRect: true, strictFileInteractability: false, timeouts: {implicit: 0, pageLoad: 300000, script: 30000}, unhandledPromptBehavior: dismiss and notify}&#10;Session ID: 00bc819eca1d3830adcd74cd1602485c" type="org.openqa.selenium.WebDriverException">org.openqa.selenium.WebDriverException: 
chrome not reachable
  (Session info: chrome=78.0.3904.108)
Build info: version: '3.141.59', revision: 'e82be7d358', time: '2018-11-14T08:17:03'
System info: host: 'DESKTOP-RTOOT5Q', ip: '192.168.100.118', os.name: 'Windows 10', os.arch: 'amd64', os.version: '10.0', java.version: '11.0.5'
Driver info: org.openqa.selenium.chrome.ChromeDriver
Capabilities {acceptInsecureCerts: false, browserName: chrome, browserVersion: 78.0.3904.108, chrome: {chromedriverVersion: 78.0.3904.70 (edb9c9f3de024..., userDataDir: C:\Users\info\AppData\Local...}, goog:chromeOptions: {debuggerAddress: localhost:50363}, javascriptEnabled: true, networkConnectionEnabled: false, pageLoadStrategy: normal, platform: XP, platformName: XP, proxy: Proxy(), setWindowRect: true, strictFileInteractability: false, timeouts: {implicit: 0, pageLoad: 300000, script: 30000}, unhandledPromptBehavior: dismiss and notify}
Session ID: 00bc819eca1d3830adcd74cd1602485c
	at com.qtpselenium.rediff.testcases.DeletePortfolioTest.deletePortFolio(DeletePortfolioTest.java:35)
</failure>
    <system-err><![CDATA[[1575260502.777][WARNING]: Timed out connecting to Chrome, retrying...
[1575260512.854][WARNING]: Timed out connecting to Chrome, retrying...
[1575260516.854][WARNING]: Timed out connecting to Chrome, retrying...
]]></system-err>
  </testcase>
</testsuite>