<?xml version="1.0" encoding="UTF-8"?>
<!-- Generated by org.testng.reporters.JUnitXMLReporter -->
<testsuite ignored="0" hostname="DESKTOP-RTOOT5Q" failures="0" tests="4" name="Create Portfolio Test" time="57.746" errors="0" timestamp="2019-12-01T09:57:37 IST">
  <testcase classname="com.qtpselenium.rediff.testcases.LoginTest" name="doLogin" time="0.047">
    <skipped/>
  </testcase> <!-- doLogin -->
  <testcase classname="com.qtpselenium.rediff.testcases.LoginTest" name="doLogin" time="33.851"/>
  <testcase classname="com.qtpselenium.rediff.testcases.LoginTest" name="doLogin" time="0.009">
    <skipped/>
  </testcase> <!-- doLogin -->
  <testcase classname="com.qtpselenium.rediff.testcases.CreatePortfolioTest" name="doLogin" time="55.947"/>
</testsuite> <!-- Create Portfolio Test -->
