<?xml version="1.0" encoding="UTF-8"?>
<!-- Generated by org.testng.reporters.JUnitXMLReporter -->
<testsuite ignored="0" hostname="DESKTOP-RTOOT5Q" failures="0" tests="3" name="Login Test" time="36.829" errors="0" timestamp="2019-12-01T11:01:03 IST">
  <testcase classname="com.qtpselenium.rediff.testcases.LoginTest" name="doLogin" time="0.052">
    <skipped/>
  </testcase> <!-- doLogin -->
  <testcase classname="com.qtpselenium.rediff.testcases.LoginTest" name="doLogin" time="33.287"/>
  <testcase classname="com.qtpselenium.rediff.testcases.LoginTest" name="doLogin" time="0.02">
    <skipped/>
  </testcase> <!-- doLogin -->
</testsuite> <!-- Login Test -->
