<?xml version="1.0" encoding="UTF-8"?>
<!-- Generated by org.testng.reporters.JUnitXMLReporter -->
<testsuite ignored="0" hostname="DESKTOP-RTOOT5Q" failures="0" tests="3" name="Login Test" time="16.402" errors="0" timestamp="02 Dec 2019 04:21:39 GMT">
  <testcase classname="com.qtpselenium.rediff.testcases.BaseTest" name="@AfterMethod quit" time="0.0">
    <failure type="java.lang.NullPointerException">
      <![CDATA[java.lang.NullPointerException
	at com.qtpselenium.rediff.keywords.GenericKeywords.quit(GenericKeywords.java:101)
	at com.qtpselenium.rediff.driver.DriverScript.quit(DriverScript.java:64)
	at com.qtpselenium.rediff.testcases.BaseTest.quit(BaseTest.java:24)
	at java.base/java.util.concurrent.FutureTask.run(FutureTask.java:264)
	at java.base/java.util.concurrent.ThreadPoolExecutor.runWorker(ThreadPoolExecutor.java:1128)
	at java.base/java.util.concurrent.ThreadPoolExecutor$Worker.run(ThreadPoolExecutor.java:628)
	at java.base/java.lang.Thread.run(Thread.java:834)
... Removed 18 stack frames]]>
    </failure>
  </testcase> <!-- @AfterMethod quit -->
  <testcase classname="com.qtpselenium.rediff.testcases.LoginTest" name="doLogin" time="0.016">
    <skipped/>
  </testcase> <!-- doLogin -->
  <testcase classname="com.qtpselenium.rediff.testcases.LoginTest" name="doLogin" time="14.357"/>
  <testcase classname="com.qtpselenium.rediff.testcases.LoginTest" name="doLogin" time="0.001">
    <skipped/>
  </testcase> <!-- doLogin -->
</testsuite> <!-- Login Test -->
